d:\documentos\github\fusion_system\fusion_system\build\win32debug\tmp\fusion_system\vc140.pdb
d:\documentos\github\fusion_system\fusion_system\build\win32debug\tmp\fusion_system\vc140.idb
d:\documentos\github\fusion_system\fusion_system\build\win32debug\tmp\fusion_system\static_vector.obj
d:\documentos\github\fusion_system\fusion_system\build\win32debug\tmp\fusion_system\maps_synchronizer.obj
d:\documentos\github\fusion_system\fusion_system\build\win32debug\tmp\fusion_system\maps_matching.obj
d:\documentos\github\fusion_system\fusion_system\build\win32debug\tmp\fusion_system\maps_gating.obj
d:\documentos\github\fusion_system\fusion_system\build\win32debug\tmp\fusion_system\maps_estimation.obj
d:\documentos\github\fusion_system\fusion_system\build\win32debug\tmp\fusion_system\fusion_system.lib
d:\documentos\github\fusion_system\fusion_system\build\win32debug\tmp\fusion_system\fusion_system.exp
d:\documentos\github\fusion_system\fusion_system\packages\debug\fusion_system.ilk
d:\documentos\github\fusion_system\fusion_system\packages\debug\fusion_system.pck
d:\documentos\github\fusion_system\fusion_system\build\win32debug\tmp\fusion_system\fusion_system.pdb
d:\documentos\github\fusion_system\fusion_system\packages\debug\fusion_system.pdb
d:\documentos\github\fusion_system\fusion_system\build\win32debug\tmp\fusion_system\fusion_system.tlog\cl.command.1.tlog
d:\documentos\github\fusion_system\fusion_system\build\win32debug\tmp\fusion_system\fusion_system.tlog\cl.read.1.tlog
d:\documentos\github\fusion_system\fusion_system\build\win32debug\tmp\fusion_system\fusion_system.tlog\cl.write.1.tlog
d:\documentos\github\fusion_system\fusion_system\build\win32debug\tmp\fusion_system\fusion_system.tlog\fusion_system.write.1u.tlog
d:\documentos\github\fusion_system\fusion_system\build\win32debug\tmp\fusion_system\fusion_system.tlog\link.command.1.tlog
d:\documentos\github\fusion_system\fusion_system\build\win32debug\tmp\fusion_system\fusion_system.tlog\link.read.1.tlog
d:\documentos\github\fusion_system\fusion_system\build\win32debug\tmp\fusion_system\fusion_system.tlog\link.write.1.tlog
